<?xml version="1.0" encoding="UTF-8"?>
<!-- Generated by org.testng.reporters.JUnitReportReporter -->
<testsuite hostname="Dharshan_jm" failures="0" tests="1" name="org.tyss.flatworld.testcases.TestCase6Test" time="3.398" errors="0" timestamp="2024-10-26T03:24:50 IST" skipped="0">
  <testcase classname="org.tyss.flatworld.testcases.TestCase6Test" name="runTest" time="3.398"/>
  <system-out/>
</testsuite> <!-- org.tyss.flatworld.testcases.TestCase6Test -->
