<?xml version="1.0" encoding="UTF-8"?>
<!-- Generated by org.testng.reporters.JUnitReportReporter -->
<testsuite hostname="Dharshan_jm" failures="0" tests="1" name="org.tyss.flatworld.testcases.TC_20_VerifyPointsConversionKohlerRewardCardPageTest" time="31.175" errors="0" timestamp="2024-11-04T18:25:43 IST" skipped="0">
  <testcase classname="org.tyss.flatworld.testcases.TC_20_VerifyPointsConversionKohlerRewardCardPageTest" name="testRun" time="31.175"/>
  <system-out>
    <![CDATA[----LOGIN SUCCESSFULL----
----MENU ICON HAMBURGER ICON CLICK SUCCESSFULL----
----INCENTIVE ADMIN HOME PAGE CLICK SUCCESSFULL----
----USER ADMINISTRATION CLICK SUCCESSFULL----
----PUBLIC USER CLICK OPTION CLICK SUCCESSFULL----
----NAVIGATE TO PUBLIC USER PAGE SEARCH----
----NAVIGATE TO IMPERSONATE USER----
----NAVIGATE TO NEW WINDOW----
----NAVIGATE TO KOHLER DIRECT GIFT CARD----
----TOTAL AVAILABLE POINTS----:200
----VALUE AVAILABLE POINTS----:$154
----AFTER CALULATION POINTS----:154
----VALUE AVAILABLE POINTS----:$154
----TEST PASS----]]>
  </system-out>
</testsuite> <!-- org.tyss.flatworld.testcases.TC_20_VerifyPointsConversionKohlerRewardCardPageTest -->
