<?xml version="1.0" encoding="UTF-8"?>
<!-- Generated by org.testng.reporters.JUnitReportReporter -->
<testsuite hostname="Dharshan_jm" failures="0" tests="1" name="org.tyss.flatworld.testcases.Test" time="2.025" errors="0" timestamp="2024-10-30T22:58:37 IST" skipped="0">
  <testcase classname="org.tyss.flatworld.testcases.Test" name="main" time="2.025"/>
  <system-out/>
</testsuite> <!-- org.tyss.flatworld.testcases.Test -->
