<?xml version="1.0" encoding="UTF-8"?>
<!-- Generated by org.testng.reporters.JUnitReportReporter -->
<testsuite hostname="Dharshan_jm" failures="0" tests="1" name="org.tyss.flatworld.testcases.TC_004Test" time="35.681" errors="0" timestamp="2024-11-01T15:11:11 IST" skipped="0">
  <testcase classname="org.tyss.flatworld.testcases.TC_004Test" name="TestRun" time="35.681"/>
  <system-out>
    <![CDATA[----LOGIN SUCCESSFULL----
----MENU ICON HAMBURGER ICON CLICK SUCCESSFULL----
----INCENTIVE ADMIN HOME PAGE CLICK SUCCESSFULL----
----USER ADMINISTRATION CLICK SUCCESSFULL----
----PUBLIC USER CLICK OPTION CLICK SUCCESSFULL----
----ADD PUBLIC USER----
----PUBLIC USER ADDED SUCCESSFULLY----
----NAVIGATE TO IMPERSONATE BUTTON----
----SWITCH TO NEW WINDOW----
----NAVIGATE TO REDEEM PAGE----
----ENTER POINTS----
----CAPTURED ACTUAL DATA----
Alert message for 131 is displayed successfully
----TEST PASS----]]>
  </system-out>
</testsuite> <!-- org.tyss.flatworld.testcases.TC_004Test -->
