<?xml version="1.0" encoding="UTF-8"?>
<!-- Generated by org.testng.reporters.JUnitReportReporter -->
<testsuite hostname="Dharshan_jm" failures="0" tests="1" name="org.tyss.flatworld.testverify.TC_0011Test" time="55.309" errors="0" timestamp="2024-11-05T12:20:26 IST" skipped="0">
  <testcase classname="org.tyss.flatworld.testverify.TC_0011Test" name="testRun" time="55.309"/>
  <system-out>
    <![CDATA[----LOGIN SUCCESSFULL----
----MENU HAMBURGER ICON CLICK SUCCESSFULL----
----INCENTIVE ADMIN HOME PAGE CLICK SUCCESSFULL----
----INCENTIVE ADMIN HOME PAGE DISPLAYED SUCCESSFULL----
----NAVIGATE TO ORDER REDEEMPTION MANAGER----
----CLICK ADD SINGLE USER----
----CLICK ADD NEW ITEM----
----SUCCESSFULLY ADDED NEW ITEM----
----SUCCESSFULLY ADDED SINGLE USER----
----VERIFY USER ID IN REDEMPTION ENTRY LIST----
egrpublic2--SAME USERID PRESENT IN ORDER REDEEMPTION ENTRY LIST :egrpublic2
----NAVIGATE TO PUBLIC USER----
----SEARCH PUBLIC USER----
----NAVIGATE TO IMPERSONATE USER----
----NAVIGATE TO NEW WINDOW----
----NAVIGATE TO TRANSACTION LINK----
----NAVIGATE TO REDEEMPTION----
----REDEEMPTION CALCULATION----
REDEEM POINTS-->35
ORIGINAL POINTS-->546
AFTER REDEEM CALCULATED POINTS-->511
----ACTUAL RESULT REDEEMPTION----
ACTUAL POINTS ON HOLD-->511 points  
REDEEMPTION POINTS-->-35
---PASS----
511 : BOTH CALULATED AND POINTS ON HOLD POINTS ARE SAME :511 points  ]]>
  </system-out>
</testsuite> <!-- org.tyss.flatworld.testverify.TC_0011Test -->
