<?xml version="1.0" encoding="UTF-8"?>
<!-- Generated by org.testng.reporters.JUnitReportReporter -->
<testsuite hostname="Dharshan_jm" failures="0" tests="1" name="org.tyss.flatworld.testcases.TC_0011Test" time="42.526" errors="0" timestamp="2024-11-03T20:50:59 IST" skipped="0">
  <testcase classname="org.tyss.flatworld.testcases.TC_0011Test" name="testRun" time="42.526"/>
  <system-out/>
</testsuite> <!-- org.tyss.flatworld.testcases.TC_0011Test -->
