<?xml version="1.0" encoding="UTF-8"?>
<!-- Generated by org.testng.reporters.JUnitReportReporter -->
<testsuite hostname="Dharshan_jm" failures="0" tests="1" name="org.tyss.flatworld.testcases.TC_003Test" time="138.190" errors="0" timestamp="2024-11-01T13:39:53 IST" skipped="0">
  <testcase classname="org.tyss.flatworld.testcases.TC_003Test" name="testRun" time="138.190"/>
  <system-out/>
</testsuite> <!-- org.tyss.flatworld.testcases.TC_003Test -->
