<?xml version="1.0" encoding="UTF-8"?>
<!-- Generated by org.testng.reporters.JUnitReportReporter -->
<testsuite hostname="Dharshan_jm" failures="0" tests="1" name="org.tyss.flatworld.testcases.TC_20_VerifyPointsConversionKohlerRewardCardPageTest" time="29.651" errors="0" timestamp="2024-11-06T10:39:08 IST" skipped="0">
  <testcase classname="org.tyss.flatworld.testcases.TC_20_VerifyPointsConversionKohlerRewardCardPageTest" name="testRun" time="29.651"/>
  <system-out>
    <![CDATA[----LOGIN SUCCESSFULL----
----MENU ICON HAMBURGER ICON CLICK SUCCESSFULL----
----INCENTIVE ADMIN HOME PAGE CLICK SUCCESSFULL----
----USER ADMINISTRATION CLICK SUCCESSFULL----
----PUBLIC USER CLICK OPTION CLICK SUCCESSFULL----
----NAVIGATE TO PUBLIC USER PAGE SEARCH----
----NAVIGATE TO IMPERSONATE USER----
----NAVIGATE TO NEW WINDOW----
----NAVIGATE TO KOHLER DIRECT GIFT CARD----
----TOTAL AVAILABLE POINTS----:440
----VALUE AVAILABLE POINTS----:$341
----AFTER CALULATION POINTS----:341
----VALUE AVAILABLE POINTS----:$341
----TEST PASS----]]>
  </system-out>
</testsuite> <!-- org.tyss.flatworld.testcases.TC_20_VerifyPointsConversionKohlerRewardCardPageTest -->
