<?xml version="1.0" encoding="UTF-8"?>
<!-- Generated by org.testng.reporters.JUnitReportReporter -->
<testsuite hostname="Dharshan_jm" failures="0" tests="1" name="org.tyss.flatworld.testcases.TC_005Test" time="55.010" errors="0" timestamp="2024-10-30T03:02:36 IST" skipped="0">
  <testcase classname="org.tyss.flatworld.testcases.TC_005Test" name="TestRun" time="55.010"/>
  <system-out>
    <![CDATA[Alert message for 4 is displayed successfully]]>
  </system-out>
</testsuite> <!-- org.tyss.flatworld.testcases.TC_005Test -->
