<?xml version="1.0" encoding="UTF-8"?>
<!-- Generated by org.testng.reporters.JUnitReportReporter -->
<testsuite hostname="Dharshan_jm" failures="0" tests="1" name="org.tyss.flatworld.testverify.TC_07_VerifyPointsAndListPriceAsNonKohlerSKU0Test" time="43.644" errors="0" timestamp="2024-11-06T11:57:06 IST" skipped="0">
  <testcase classname="org.tyss.flatworld.testverify.TC_07_VerifyPointsAndListPriceAsNonKohlerSKU0Test" name="runTest" time="43.644"/>
  <system-out>
    <![CDATA[----LOGIN SUCCESSFULL----
----MENU ICON HAMBURGER ICON CLICK SUCCESSFULL----
----INCENTIVE ADMIN HOME PAGE CLICK SUCCESSFULL----
----NAVIGATE TO POINTS CREDIT MANAGER----
----CLICK ON ADD CREDIT INVOICE BUTTON----
----ADD CREDIT PAGE SAVE SUCCESSFULL----
----VERIFY IN LIST----
TOTAL POINTS :0
----NAVIGATE TO PUBLIC USER----
----NAVIGATE TO IMPERSONATE USER----
----SWITCH TO NEW WINDOW----
----NAVIGATE TO TRANSACTION LINK----
INVOICE IN TRANSACTION PAGE :3451187
POINTS IN TRANSACTION PAGE :0
POINTS ON HOLD :100 points  
POINTS IN BOTH LIST AND TRANSACTION PAGE IS MATCHING]]>
  </system-out>
</testsuite> <!-- org.tyss.flatworld.testverify.TC_07_VerifyPointsAndListPriceAsNonKohlerSKU0Test -->
