<?xml version="1.0" encoding="UTF-8"?>
<!-- Generated by org.testng.reporters.JUnitReportReporter -->
<testsuite hostname="Dharshan_jm" failures="0" tests="1" name="org.tyss.flatworld.testcases.TC_007Test" time="60.966" errors="0" timestamp="2024-11-02T15:05:18 IST" skipped="0">
  <testcase classname="org.tyss.flatworld.testcases.TC_007Test" name="runTest" time="60.966"/>
  <system-out>
    <![CDATA[----LOGIN SUCCESSFULL----
----MENU ICON HAMBURGER ICON CLICK SUCCESSFULL----
----INCENTIVE ADMIN HOME PAGE CLICK SUCCESSFULL----
----USER ADMINISTRATION CLICK SUCCESSFULL----
----PUBLIC USER CLICK OPTION CLICK SUCCESSFULL----
----ADD PUBLIC USER----
----PUBLIC USER ADDED SUCCESSFULLY----
----NAVIGATE TO POINTS CREDIT MANAGER----
----CLICK ON ADD CREDIT INVOICE BUTTON----
----TOTAL PRICE Total List Price
----TOTAL POINTS Total Points
----ADD CREDIT PAGE SAVE SUCCESSFULL----
----NAVIGATE TO PUBLIC USER----
----NAVIGATE TO IMPERSONATE USER----
----SWITCH TO NEW WINDOW----
----NAVIGATE TO TRANSACTION LINK----
0: is O
0 points  : POINTS ON HOLD
---BOTH DATA ARE MATCHING--
----TEST PASS----]]>
  </system-out>
</testsuite> <!-- org.tyss.flatworld.testcases.TC_007Test -->
