<?xml version="1.0" encoding="UTF-8"?>
<!-- Generated by org.testng.reporters.JUnitReportReporter -->
<testsuite hostname="Dharshan_jm" failures="0" tests="1" name="org.tyss.flatworld.testverify.TC_07_VerifyPointsAndListPriceAsNonKohlerSKU0Test" time="50.311" errors="0" timestamp="2024-11-05T19:33:48 IST" skipped="0">
  <testcase classname="org.tyss.flatworld.testverify.TC_07_VerifyPointsAndListPriceAsNonKohlerSKU0Test" name="runTest" time="50.311"/>
  <system-out>
    <![CDATA[----LOGIN SUCCESSFULL----
----MENU ICON HAMBURGER ICON CLICK SUCCESSFULL----
----INCENTIVE ADMIN HOME PAGE CLICK SUCCESSFULL----
----NAVIGATE TO POINTS CREDIT MANAGER----
----CLICK ON ADD CREDIT INVOICE BUTTON----
----ADD CREDIT PAGE SAVE SUCCESSFULL----
----VERIFY IN LIST----
INVOICE NUMBER :1234616
TOTAL POINTS :0
----NAVIGATE TO PUBLIC USER----
----NAVIGATE TO IMPERSONATE USER----
----SWITCH TO NEW WINDOW----
----NAVIGATE TO TRANSACTION LINK----
INVOICW IN TRANSACTION PAGE :123260
POINTS IN TRANSACTION PAGE :0
POINTS ON HOLD :200 points  
INVOICE IN BOTH LIST AND TRANSACTION PAGE IS NOT MATCHING
POINTS IN BOTH LIST AND TRANSACTION PAGE IS MATCHING]]>
  </system-out>
</testsuite> <!-- org.tyss.flatworld.testverify.TC_07_VerifyPointsAndListPriceAsNonKohlerSKU0Test -->
