<?xml version="1.0" encoding="UTF-8"?>
<!-- Generated by org.testng.reporters.JUnitReportReporter -->
<testsuite hostname="Dharshan_jm" failures="0" tests="1" name="org.tyss.flatworld.testcases.TC_04_VerifyUserShouldNotRedeemPoints131Test" time="24.426" errors="0" timestamp="2024-11-03T23:24:13 IST" skipped="0">
  <testcase classname="org.tyss.flatworld.testcases.TC_04_VerifyUserShouldNotRedeemPoints131Test" name="TestRun" time="24.426"/>
  <system-out>
    <![CDATA[----LOGIN SUCCESSFULL----
----MENU ICON HAMBURGER ICON CLICK SUCCESSFULL----
----INCENTIVE ADMIN HOME PAGE CLICK SUCCESSFULL----
----USER ADMINISTRATION CLICK SUCCESSFULL----
----PUBLIC USER CLICK OPTION CLICK SUCCESSFULL----
----SWITCH TO NEW WINDOW----
----NAVIGATE TO REDEEM PAGE----
----NAVIGATE TO KOHLER REWARDS PAGE----,TRUE
----ENTER POINTS----
----TEST PASS----]]>
  </system-out>
</testsuite> <!-- org.tyss.flatworld.testcases.TC_04_VerifyUserShouldNotRedeemPoints131Test -->
