<?xml version="1.0" encoding="UTF-8"?>
<!-- Generated by org.testng.reporters.JUnitReportReporter -->
<testsuite hostname="Dharshan_jm" failures="0" tests="1" name="org.tyss.flatworld.testcases.TC_06_VerifyPointsCreditedWhenEntryAddedCreditAndPointsOnHold" time="59.817" errors="0" timestamp="2024-11-03T00:08:20 IST" skipped="0">
  <testcase classname="org.tyss.flatworld.testcases.TC_06_VerifyPointsCreditedWhenEntryAddedCreditAndPointsOnHold" name="runTest" time="59.817"/>
  <system-out>
    <![CDATA[----LOGIN SUCCESSFULL----
----MENU ICON HAMBURGER ICON CLICK SUCCESSFULL----
----INCENTIVE ADMIN HOME PAGE CLICK SUCCESSFULL----
----USER ADMINISTRATION CLICK SUCCESSFULL----
----PUBLIC USER CLICK OPTION CLICK SUCCESSFULL----
----ADD PUBLIC USER----
----PUBLIC USER ADDED SUCCESSFULLY----
----NAVIGATE TO POINTS CREDIT MANAGER----
----CLICK ON ADD CREDIT INVOICE BUTTON----
----TOTAL PRICE Total List Price
----TOTAL POINTS Total Points
---DATE MATCH--PASS--
----ADD CREDIT PAGE SAVE SUCCESSFULL----
----NAVIGATE TO PUBLIC USER----
----NAVIGATE TO IMPERSONATE USER----
----SWITCH TO NEW WINDOW----
----NAVIGATE TO TRANSACTION LINK----
0 points  : POINTS ON HOLD
----TEST COMPLETED----]]>
  </system-out>
</testsuite> <!-- org.tyss.flatworld.testcases.TC_06_VerifyPointsCreditedWhenEntryAddedCreditAndPointsOnHold -->
