<?xml version="1.0" encoding="UTF-8"?>
<!-- Generated by org.testng.reporters.JUnitReportReporter -->
<testsuite hostname="Dharshan_jm" failures="0" tests="1" name="org.tyss.flatworld.testverify.TC_06_VerifyPointsCreditedWhenEntryAddedCreditAndPointsOnHoldTest" time="64.367" errors="0" timestamp="2024-11-06T11:50:36 IST" skipped="0">
  <testcase classname="org.tyss.flatworld.testverify.TC_06_VerifyPointsCreditedWhenEntryAddedCreditAndPointsOnHoldTest" name="runTest" time="64.367"/>
  <system-out>
    <![CDATA[----LOGIN SUCCESSFULL----
----MENU ICON HAMBURGER ICON CLICK SUCCESSFULL----
----INCENTIVE ADMIN HOME PAGE CLICK SUCCESSFULL----
----NAVIGATE TO POINTS CREDIT MANAGER----
----CLICK ON ADD CREDIT INVOICE BUTTON----
----ADD CREDIT PAGE SAVE SUCCESSFULL----
----VERIFY IN LIST----
INVOICE NUMBER :1233207
TOTAL POINTS :40
----NAVIGATE TO PUBLIC USER----
----NAVIGATE TO IMPERSONATE USER----
----SWITCH TO NEW WINDOW----
----NAVIGATE TO TRANSACTION LINK----
INVOICE IN TRANSACTION PAGE :1233207
POINTS IN TRANSACTION PAGE :40
POINTS ON HOLD :1,040 points  
INVOICE IN BOTH LIST AND TRANSACTION PAGE IS MATCHING
POINTS IN BOTH LIST AND TRANSACTION PAGE IS MATCHING]]>
  </system-out>
</testsuite> <!-- org.tyss.flatworld.testverify.TC_06_VerifyPointsCreditedWhenEntryAddedCreditAndPointsOnHoldTest -->
