<?xml version="1.0" encoding="UTF-8"?>
<!-- Generated by org.testng.reporters.JUnitReportReporter -->
<testsuite hostname="Dharshan_jm" failures="0" tests="1" name="org.tyss.flatworld.testcases.VerifyPointsConversionKohlerRewardCardPage_TC21_Test" time="49.084" errors="0" timestamp="2024-11-02T09:11:15 IST" skipped="0">
  <testcase classname="org.tyss.flatworld.testcases.VerifyPointsConversionKohlerRewardCardPage_TC21_Test" name="testRun" time="49.084"/>
  <system-out>
    <![CDATA[----LOGIN SUCCESSFULL----
----MENU ICON HAMBURGER ICON CLICK SUCCESSFULL----
----INCENTIVE ADMIN HOME PAGE CLICK SUCCESSFULL----
----USER ADMINISTRATION CLICK SUCCESSFULL----
----PUBLIC USER CLICK OPTION CLICK SUCCESSFULL----
----NAVIGATE TO PUBLIC USER PAGE SEARCH----
----NAVIGATE TO IMPERSONATE USER----
----NAVIGATE TO NEW WINDOW----]]>
  </system-out>
</testsuite> <!-- org.tyss.flatworld.testcases.VerifyPointsConversionKohlerRewardCardPage_TC21_Test -->
