<?xml version="1.0" encoding="UTF-8"?>
<!-- Generated by org.testng.reporters.JUnitReportReporter -->
<testsuite hostname="Dharshan_jm" failures="0" tests="1" name="org.tyss.flatworld.testcases.TC_0012Test" time="45.836" errors="0" timestamp="2024-11-04T00:21:51 IST" skipped="0">
  <testcase classname="org.tyss.flatworld.testcases.TC_0012Test" name="testRun" time="45.836"/>
  <system-out>
    <![CDATA[----LOGIN SUCCESSFULL----
----MENU ICON HAMBURGER ICON CLICK SUCCESSFULL----
----INCENTIVE ADMIN HOME PAGE CLICK SUCCESSFULL----
----USER ADMINISTRATION CLICK SUCCESSFULL----
----PUBLIC USER CLICK OPTION CLICK SUCCESSFULL----
----NAVIGATE TO PUBLIC USER PAGE SEARCH----
----NAVIGATE TO IMPERSONATE USER----
----NAVIGATE TO NEW WINDOW----
----NAVIGATE TO KOHLER REWARDS CARD----
----NAVIGATE TO KOHLER REWARDS PAGE----,TRUE
----ENTER POINTS----]]>
  </system-out>
</testsuite> <!-- org.tyss.flatworld.testcases.TC_0012Test -->
