<?xml version="1.0" encoding="UTF-8"?>
<!-- Generated by org.testng.reporters.JUnitReportReporter -->
<testsuite hostname="Dharshan_jm" failures="0" tests="1" name="org.tyss.flatworld.testcases.TC_11_VerifyRedeemEntryAddedInOrderRedeemptionTest" time="53.551" errors="0" timestamp="2024-11-06T10:38:00 IST" skipped="0">
  <testcase classname="org.tyss.flatworld.testcases.TC_11_VerifyRedeemEntryAddedInOrderRedeemptionTest" name="testRun" time="53.551"/>
  <system-out>
    <![CDATA[----LOGIN SUCCESSFULL----
----MENU HAMBURGER ICON CLICK SUCCESSFULL----
----INCENTIVE ADMIN HOME PAGE CLICK SUCCESSFULL----
----INCENTIVE ADMIN HOME PAGE DISPLAYED SUCCESSFULL----
----NAVIGATE TO ORDER REDEEMPTION MANAGER----
----CLICK ADD SINGLE USER----
----CLICK ADD NEW ITEM----
----SUCCESSFULLY ADDED NEW ITEM----
----SUCCESSFULLY ADDED SINGLE USER----
----VERIFY USER ID IN REDEMPTION ENTRY LIST----
egrpublic2--SAME USERID PRESENT IN ORDER REDEEMPTION ENTRY LIST :egrpublic2
----NAVIGATE TO PUBLIC USER----
----SEARCH PUBLIC USER----
----NAVIGATE TO IMPERSONATE USER----
----NAVIGATE TO NEW WINDOW----
----NAVIGATE TO TRANSACTION LINK----
----NAVIGATE TO REDEEMPTION----
----REDEEMPTION CALCULATION----
REDEEM POINTS-->35
ORIGINAL POINTS-->476
AFTER REDEEM CALCULATED POINTS-->441
----ACTUAL RESULT REDEEMPTION----
ACTUAL POINTS ON HOLD-->441 points  
REDEEMPTION POINTS-->-35
---PASS----
441 : BOTH CALULATED AND POINTS ON HOLD POINTS ARE SAME :441 points  ]]>
  </system-out>
</testsuite> <!-- org.tyss.flatworld.testcases.TC_11_VerifyRedeemEntryAddedInOrderRedeemptionTest -->
